Start testing: May 31 10:45 CDT
----------------------------------------------------------
1/1 Testing: readerTest
1/1 Test: readerTest
Command: "/media/ming/DATA/projects/Postprocessing/build/Test/readerTest"
Directory: /media/ming/DATA/projects/Postprocessing/build/Test
"readerTest" start time: May 31 10:45 CDT
Output:
----------------------------------------------------------
Running main() from /media/ming/DATA/projects/Postprocessing/googletest/googletest/src/gtest_main.cc
[==========] Running 5 tests from 5 test suites.
[----------] Global test environment set-up.
[----------] 1 test from PulseTest
[ RUN      ] PulseTest.constructor
[       OK ] PulseTest.constructor (0 ms)
[----------] 1 test from PulseTest (0 ms total)

[----------] 1 test from EventTest
[ RUN      ] EventTest.constructor
[       OK ] EventTest.constructor (0 ms)
[----------] 1 test from EventTest (0 ms total)

[----------] 1 test from ConeTest
[ RUN      ] ConeTest.constructor
[       OK ] ConeTest.constructor (0 ms)
[----------] 1 test from ConeTest (0 ms total)

[----------] 1 test from getPosTest
[ RUN      ] getPosTest.getPosTest
[       OK ] getPosTest.getPosTest (0 ms)
[----------] 1 test from getPosTest (0 ms total)

[----------] 1 test from Vector3DTest
[ RUN      ] Vector3DTest.operators
[       OK ] Vector3DTest.operators (0 ms)
[----------] 1 test from Vector3DTest (0 ms total)

[----------] Global test environment tear-down
[==========] 5 tests from 5 test suites ran. (0 ms total)
[  PASSED  ] 5 tests.
<end of output>
Test time =   0.01 sec
----------------------------------------------------------
Test Passed.
"readerTest" end time: May 31 10:45 CDT
"readerTest" time elapsed: 00:00:00
----------------------------------------------------------

End testing: May 31 10:45 CDT
